<?xml version="1.0" encoding="UTF-8"?>
<testng-results ignored="0" total="1" passed="1" failed="0" skipped="0">
  <reporter-output>
  </reporter-output>
  <suite started-at="2024-07-24T10:47:22 CST" name="Default suite" finished-at="2024-07-24T10:47:39 CST" duration-ms="17243">
    <groups>
    </groups>
    <test started-at="2024-07-24T10:47:22 CST" name="Default test" finished-at="2024-07-24T10:47:39 CST" duration-ms="17243">
      <class name="Appiumoqt.Appium.SwipeAction">
        <test-method is-config="true" signature="configureAppium()[pri:0, instance:Appiumoqt.Appium.SwipeAction@4d15107f]" started-at="2024-07-24T10:47:22 CST" name="configureAppium" finished-at="2024-07-24T10:47:31 CST" duration-ms="9253" status="PASS">
          <reporter-output>
          </reporter-output>
        </test-method> <!-- configureAppium -->
        <test-method signature="Swipe()[pri:0, instance:Appiumoqt.Appium.SwipeAction@4d15107f]" started-at="2024-07-24T10:47:31 CST" name="Swipe" finished-at="2024-07-24T10:47:39 CST" duration-ms="7969" status="PASS">
          <reporter-output>
          </reporter-output>
        </test-method> <!-- Swipe -->
        <test-method is-config="true" signature="teardown()[pri:0, instance:Appiumoqt.Appium.SwipeAction@4d15107f]" started-at="2024-07-24T10:47:39 CST" name="teardown" finished-at="2024-07-24T10:47:39 CST" duration-ms="1" status="PASS">
          <reporter-output>
          </reporter-output>
        </test-method> <!-- teardown -->
      </class> <!-- Appiumoqt.Appium.SwipeAction -->
    </test> <!-- Default test -->
  </suite> <!-- Default suite -->
</testng-results>
